sub, 1000,50 = 950
sum, 1520,480 = 2000
sub, 2520,670 = 1850
sub, 2520,660 = 1860
sub, 2520,1914 = 606
sub, 2520,606 = 1914
<built-in method isoformat of datetime.datetime object at 0x7f856ee9ff60> - alex - sub, 2520,606 = 1914
<built-in method isoformat of datetime.datetime object at 0x7fc56ae07f60> - alex - sum, 4026,2024 = 6050
<built-in method isoformat of datetime.datetime object at 0x7f780cb63f60> - alex - mul, 12,1200 = 14400
<built-in method isoformat of datetime.datetime object at 0x7fed8dc9ff60> - alex - div, 144000,1200 = 120.0
2024-06-28T18:52:36.219758 - alex - div, 144000,1200 = 120.0
2024-06-28T18:52:40.995412 - alex - mul, 12,1200 = 14400
2024-06-28T18:52:45.300558 - alex - sum, 4026,2024 = 6050
2024-06-28T18:54:15.874991 - alex - sub, 4026,930 = 3096
2024-06-28T18:55:13.463464 - alex - mul, 14,4 = 56
2024-06-28T19:00:38.254696 - alex - sum, 56,24 = 80
2024-06-29T11:14:05.598270 - alex - sum, 850,258 = 1108
2024-06-29T11:15:05.372827 - alex - sum, 12,144 = 156
2024-06-29T11:15:28.836352 - alex - mul, 12,12000 = 144000
2024-06-29T11:20:35.366655 - alex - mul, 250,5 = 1250
2024-06-29T14:05:58.536349 - alex - mul, 5,1500 = 7500
2024-06-29T14:06:32.327279 - alex - mul, 5,2000 = 10000
2024-07-01T14:43:32.860465 - alex - sum, 8,5 = 13
2024-07-01T14:43:59.738492 - alex - mul, 12,12000 = 144000
